<?xml version="1.0" encoding="UTF-8"?>
<testsuite name="com.dharana.book.springboot.web.indexControllerTest" tests="1" skipped="0" failures="0" errors="0" timestamp="2021-07-27T12:31:24" hostname="DESKTOP-BCM1NLE" time="0.38">
  <properties/>
  <testcase name="메인페이지_로딩" classname="com.dharana.book.springboot.web.indexControllerTest" time="0.38"/>
  <system-out><![CDATA[21:31:18.600 [Test worker] DEBUG org.springframework.test.context.junit4.SpringJUnit4ClassRunner - SpringJUnit4ClassRunner constructor called with [class com.dharana.book.springboot.web.indexControllerTest]
21:31:18.607 [Test worker] DEBUG org.springframework.test.context.BootstrapUtils - Instantiating CacheAwareContextLoaderDelegate from class [org.springframework.test.context.cache.DefaultCacheAwareContextLoaderDelegate]
21:31:18.616 [Test worker] DEBUG org.springframework.test.context.BootstrapUtils - Instantiating BootstrapContext using constructor [public org.springframework.test.context.support.DefaultBootstrapContext(java.lang.Class,org.springframework.test.context.CacheAwareContextLoaderDelegate)]
21:31:18.633 [Test worker] DEBUG org.springframework.test.context.BootstrapUtils - Instantiating TestContextBootstrapper for test class [com.dharana.book.springboot.web.indexControllerTest] from class [org.springframework.boot.test.context.SpringBootTestContextBootstrapper]
21:31:18.643 [Test worker] INFO org.springframework.boot.test.context.SpringBootTestContextBootstrapper - Neither @ContextConfiguration nor @ContextHierarchy found for test class [com.dharana.book.springboot.web.indexControllerTest], using SpringBootContextLoader
21:31:18.646 [Test worker] DEBUG org.springframework.test.context.support.AbstractContextLoader - Did not detect default resource location for test class [com.dharana.book.springboot.web.indexControllerTest]: class path resource [com/dharana/book/springboot/web/indexControllerTest-context.xml] does not exist
21:31:18.647 [Test worker] DEBUG org.springframework.test.context.support.AbstractContextLoader - Did not detect default resource location for test class [com.dharana.book.springboot.web.indexControllerTest]: class path resource [com/dharana/book/springboot/web/indexControllerTestContext.groovy] does not exist
21:31:18.647 [Test worker] INFO org.springframework.test.context.support.AbstractContextLoader - Could not detect default resource locations for test class [com.dharana.book.springboot.web.indexControllerTest]: no resource found for suffixes {-context.xml, Context.groovy}.
21:31:18.648 [Test worker] INFO org.springframework.test.context.support.AnnotationConfigContextLoaderUtils - Could not detect default configuration classes for test class [com.dharana.book.springboot.web.indexControllerTest]: indexControllerTest does not declare any static, non-private, non-final, nested classes annotated with @Configuration.
21:31:18.682 [Test worker] DEBUG org.springframework.test.context.support.ActiveProfilesUtils - Could not find an 'annotation declaring class' for annotation type [org.springframework.test.context.ActiveProfiles] and class [com.dharana.book.springboot.web.indexControllerTest]
21:31:18.777 [Test worker] DEBUG org.springframework.context.annotation.ClassPathScanningCandidateComponentProvider - Identified candidate component class: file [C:\Users\dhara\Desktop\springService\build\classes\java\main\com\dharana\book\springboot\Application.class]
21:31:18.779 [Test worker] INFO org.springframework.boot.test.context.SpringBootTestContextBootstrapper - Found @SpringBootConfiguration com.dharana.book.springboot.Application for test class com.dharana.book.springboot.web.indexControllerTest
21:31:18.884 [Test worker] DEBUG org.springframework.boot.test.context.SpringBootTestContextBootstrapper - @TestExecutionListeners is not present for class [com.dharana.book.springboot.web.indexControllerTest]: using defaults.
21:31:18.885 [Test worker] INFO org.springframework.boot.test.context.SpringBootTestContextBootstrapper - Loaded default TestExecutionListener class names from location [META-INF/spring.factories]: [org.springframework.boot.test.autoconfigure.restdocs.RestDocsTestExecutionListener, org.springframework.boot.test.autoconfigure.web.client.MockRestServiceServerResetTestExecutionListener, org.springframework.boot.test.autoconfigure.web.servlet.MockMvcPrintOnlyOnFailureTestExecutionListener, org.springframework.boot.test.autoconfigure.web.servlet.WebDriverTestExecutionListener, org.springframework.boot.test.mock.mockito.MockitoTestExecutionListener, org.springframework.boot.test.mock.mockito.ResetMocksTestExecutionListener, org.springframework.test.context.web.ServletTestExecutionListener, org.springframework.test.context.support.DirtiesContextBeforeModesTestExecutionListener, org.springframework.test.context.support.DependencyInjectionTestExecutionListener, org.springframework.test.context.support.DirtiesContextTestExecutionListener, org.springframework.test.context.transaction.TransactionalTestExecutionListener, org.springframework.test.context.jdbc.SqlScriptsTestExecutionListener]
21:31:18.905 [Test worker] INFO org.springframework.boot.test.context.SpringBootTestContextBootstrapper - Using TestExecutionListeners: [org.springframework.test.context.web.ServletTestExecutionListener@108dfe79, org.springframework.test.context.support.DirtiesContextBeforeModesTestExecutionListener@5f5ac826, org.springframework.boot.test.mock.mockito.MockitoTestExecutionListener@a229253, org.springframework.boot.test.autoconfigure.SpringBootDependencyInjectionTestExecutionListener@3310c3d0, org.springframework.test.context.support.DirtiesContextTestExecutionListener@4c118dfd, org.springframework.test.context.transaction.TransactionalTestExecutionListener@450367a1, org.springframework.test.context.jdbc.SqlScriptsTestExecutionListener@5b2dd558, org.springframework.boot.test.autoconfigure.restdocs.RestDocsTestExecutionListener@6e9683ae, org.springframework.boot.test.autoconfigure.web.client.MockRestServiceServerResetTestExecutionListener@2e2895e4, org.springframework.boot.test.autoconfigure.web.servlet.MockMvcPrintOnlyOnFailureTestExecutionListener@7048d1ef, org.springframework.boot.test.autoconfigure.web.servlet.WebDriverTestExecutionListener@457a5dab, org.springframework.boot.test.mock.mockito.ResetMocksTestExecutionListener@1f2b2d59]
21:31:18.910 [Test worker] DEBUG org.springframework.test.annotation.ProfileValueUtils - Retrieved @ProfileValueSourceConfiguration [null] for test class [com.dharana.book.springboot.web.indexControllerTest]
21:31:18.910 [Test worker] DEBUG org.springframework.test.annotation.ProfileValueUtils - Retrieved ProfileValueSource type [class org.springframework.test.annotation.SystemProfileValueSource] for class [com.dharana.book.springboot.web.indexControllerTest]
21:31:18.916 [Test worker] DEBUG org.springframework.test.annotation.ProfileValueUtils - Retrieved @ProfileValueSourceConfiguration [null] for test class [com.dharana.book.springboot.web.indexControllerTest]
21:31:18.916 [Test worker] DEBUG org.springframework.test.annotation.ProfileValueUtils - Retrieved ProfileValueSource type [class org.springframework.test.annotation.SystemProfileValueSource] for class [com.dharana.book.springboot.web.indexControllerTest]
21:31:18.917 [Test worker] DEBUG org.springframework.test.annotation.ProfileValueUtils - Retrieved @ProfileValueSourceConfiguration [null] for test class [com.dharana.book.springboot.web.indexControllerTest]
21:31:18.917 [Test worker] DEBUG org.springframework.test.annotation.ProfileValueUtils - Retrieved ProfileValueSource type [class org.springframework.test.annotation.SystemProfileValueSource] for class [com.dharana.book.springboot.web.indexControllerTest]
21:31:18.921 [Test worker] DEBUG org.springframework.test.context.support.AbstractDirtiesContextTestExecutionListener - Before test class: context [DefaultTestContext@2d0f8566 testClass = indexControllerTest, testInstance = [null], testMethod = [null], testException = [null], mergedContextConfiguration = [WebMergedContextConfiguration@1ef114ac testClass = indexControllerTest, locations = '{}', classes = '{class com.dharana.book.springboot.Application}', contextInitializerClasses = '[]', activeProfiles = '{}', propertySourceLocations = '{}', propertySourceProperties = '{org.springframework.boot.test.context.SpringBootTestContextBootstrapper=true, server.port=0}', contextCustomizers = set[org.springframework.boot.test.autoconfigure.properties.PropertyMappingContextCustomizer@0, org.springframework.boot.test.autoconfigure.web.servlet.WebDriverContextCustomizerFactory$Customizer@6073011a, org.springframework.boot.test.context.filter.ExcludeFilterContextCustomizer@1ac1afe, org.springframework.boot.test.json.DuplicateJsonObjectContextCustomizerFactory$DuplicateJsonObjectContextCustomizer@7eac7970, org.springframework.boot.test.mock.mockito.MockitoContextCustomizer@0, org.springframework.boot.test.web.client.TestRestTemplateContextCustomizer@3537e538], resourceBasePath = 'src/main/webapp', contextLoader = 'org.springframework.boot.test.context.SpringBootContextLoader', parent = [null]], attributes = map['org.springframework.test.context.web.ServletTestExecutionListener.activateListener' -> false]], class annotated with @DirtiesContext [false] with mode [null].
21:31:18.922 [Test worker] DEBUG org.springframework.test.annotation.ProfileValueUtils - Retrieved @ProfileValueSourceConfiguration [null] for test class [com.dharana.book.springboot.web.indexControllerTest]
21:31:18.922 [Test worker] DEBUG org.springframework.test.annotation.ProfileValueUtils - Retrieved ProfileValueSource type [class org.springframework.test.annotation.SystemProfileValueSource] for class [com.dharana.book.springboot.web.indexControllerTest]
21:31:18.927 [Test worker] DEBUG org.springframework.test.context.support.DependencyInjectionTestExecutionListener - Performing dependency injection for test context [[DefaultTestContext@2d0f8566 testClass = indexControllerTest, testInstance = com.dharana.book.springboot.web.indexControllerTest@3b3d3083, testMethod = [null], testException = [null], mergedContextConfiguration = [WebMergedContextConfiguration@1ef114ac testClass = indexControllerTest, locations = '{}', classes = '{class com.dharana.book.springboot.Application}', contextInitializerClasses = '[]', activeProfiles = '{}', propertySourceLocations = '{}', propertySourceProperties = '{org.springframework.boot.test.context.SpringBootTestContextBootstrapper=true, server.port=0}', contextCustomizers = set[org.springframework.boot.test.autoconfigure.properties.PropertyMappingContextCustomizer@0, org.springframework.boot.test.autoconfigure.web.servlet.WebDriverContextCustomizerFactory$Customizer@6073011a, org.springframework.boot.test.context.filter.ExcludeFilterContextCustomizer@1ac1afe, org.springframework.boot.test.json.DuplicateJsonObjectContextCustomizerFactory$DuplicateJsonObjectContextCustomizer@7eac7970, org.springframework.boot.test.mock.mockito.MockitoContextCustomizer@0, org.springframework.boot.test.web.client.TestRestTemplateContextCustomizer@3537e538], resourceBasePath = 'src/main/webapp', contextLoader = 'org.springframework.boot.test.context.SpringBootContextLoader', parent = [null]], attributes = map['org.springframework.test.context.web.ServletTestExecutionListener.activateListener' -> false]]].
21:31:18.943 [Test worker] DEBUG org.springframework.test.context.support.TestPropertySourceUtils - Adding inlined properties to environment: {spring.jmx.enabled=false, org.springframework.boot.test.context.SpringBootTestContextBootstrapper=true, server.port=0}

  .   ____          _            __ _ _
 /\\ / ___'_ __ _ _(_)_ __  __ _ \ \ \ \
( ( )\___ | '_ | '_| | '_ \/ _` | \ \ \ \
 \\/  ___)| |_)| | | | | || (_| |  ) ) ) )
  '  |____| .__|_| |_|_| |_\__, | / / / /
 =========|_|==============|___/=/_/_/_/
 :: Spring Boot ::        (v2.1.9.RELEASE)

2021-07-27 21:31:19.198  INFO 14008 --- [    Test worker] c.d.b.s.web.indexControllerTest          : Starting indexControllerTest on DESKTOP-BCM1NLE with PID 14008 (started by dhara in C:\Users\dhara\Desktop\springService)
2021-07-27 21:31:19.199  INFO 14008 --- [    Test worker] c.d.b.s.web.indexControllerTest          : No active profile set, falling back to default profiles: default
2021-07-27 21:31:19.931  INFO 14008 --- [    Test worker] .s.d.r.c.RepositoryConfigurationDelegate : Bootstrapping Spring Data repositories in DEFAULT mode.
2021-07-27 21:31:20.018  INFO 14008 --- [    Test worker] .s.d.r.c.RepositoryConfigurationDelegate : Finished Spring Data repository scanning in 76ms. Found 1 repository interfaces.
2021-07-27 21:31:20.453  INFO 14008 --- [    Test worker] trationDelegate$BeanPostProcessorChecker : Bean 'org.springframework.transaction.annotation.ProxyTransactionManagementConfiguration' of type [org.springframework.transaction.annotation.ProxyTransactionManagementConfiguration$$EnhancerBySpringCGLIB$$dd40ce1b] is not eligible for getting processed by all BeanPostProcessors (for example: not eligible for auto-proxying)
2021-07-27 21:31:20.845  INFO 14008 --- [    Test worker] o.s.b.w.embedded.tomcat.TomcatWebServer  : Tomcat initialized with port(s): 0 (http)
2021-07-27 21:31:20.873  INFO 14008 --- [    Test worker] o.apache.catalina.core.StandardService   : Starting service [Tomcat]
2021-07-27 21:31:20.873  INFO 14008 --- [    Test worker] org.apache.catalina.core.StandardEngine  : Starting Servlet engine: [Apache Tomcat/9.0.26]
2021-07-27 21:31:21.066  INFO 14008 --- [    Test worker] o.a.c.c.C.[Tomcat].[localhost].[/]       : Initializing Spring embedded WebApplicationContext
2021-07-27 21:31:21.066  INFO 14008 --- [    Test worker] o.s.web.context.ContextLoader            : Root WebApplicationContext: initialization completed in 1846 ms
2021-07-27 21:31:21.360  INFO 14008 --- [    Test worker] com.zaxxer.hikari.HikariDataSource       : HikariPool-1 - Starting...
2021-07-27 21:31:21.564  INFO 14008 --- [    Test worker] com.zaxxer.hikari.HikariDataSource       : HikariPool-1 - Start completed.
2021-07-27 21:31:21.682  INFO 14008 --- [    Test worker] o.hibernate.jpa.internal.util.LogHelper  : HHH000204: Processing PersistenceUnitInfo [
	name: default
	...]
2021-07-27 21:31:21.792  INFO 14008 --- [    Test worker] org.hibernate.Version                    : HHH000412: Hibernate Core {5.3.12.Final}
2021-07-27 21:31:21.794  INFO 14008 --- [    Test worker] org.hibernate.cfg.Environment            : HHH000206: hibernate.properties not found
2021-07-27 21:31:21.994  INFO 14008 --- [    Test worker] o.hibernate.annotations.common.Version   : HCANN000001: Hibernate Commons Annotations {5.0.4.Final}
2021-07-27 21:31:22.161  INFO 14008 --- [    Test worker] org.hibernate.dialect.Dialect            : HHH000400: Using dialect: org.hibernate.dialect.H2Dialect
2021-07-27 21:31:22.747  INFO 14008 --- [    Test worker] o.h.t.schema.internal.SchemaCreatorImpl  : HHH000476: Executing import script 'org.hibernate.tool.schema.internal.exec.ScriptSourceInputNonExistentImpl@40922452'
2021-07-27 21:31:22.750  INFO 14008 --- [    Test worker] j.LocalContainerEntityManagerFactoryBean : Initialized JPA EntityManagerFactory for persistence unit 'default'
2021-07-27 21:31:23.469  INFO 14008 --- [    Test worker] o.s.s.concurrent.ThreadPoolTaskExecutor  : Initializing ExecutorService 'applicationTaskExecutor'
2021-07-27 21:31:23.523  WARN 14008 --- [    Test worker] aWebConfiguration$JpaWebMvcConfiguration : spring.jpa.open-in-view is enabled by default. Therefore, database queries may be performed during view rendering. Explicitly configure spring.jpa.open-in-view to disable this warning
2021-07-27 21:31:23.579  INFO 14008 --- [    Test worker] o.s.b.a.w.s.WelcomePageHandlerMapping    : Adding welcome page template: index
2021-07-27 21:31:24.016  INFO 14008 --- [    Test worker] o.s.b.w.embedded.tomcat.TomcatWebServer  : Tomcat started on port(s): 63022 (http) with context path ''
2021-07-27 21:31:24.020  INFO 14008 --- [    Test worker] c.d.b.s.web.indexControllerTest          : Started indexControllerTest in 5.074 seconds (JVM running for 6.089)
2021-07-27 21:31:24.280  INFO 14008 --- [o-auto-1-exec-1] o.a.c.c.C.[Tomcat].[localhost].[/]       : Initializing Spring DispatcherServlet 'dispatcherServlet'
2021-07-27 21:31:24.281  INFO 14008 --- [o-auto-1-exec-1] o.s.web.servlet.DispatcherServlet        : Initializing Servlet 'dispatcherServlet'
2021-07-27 21:31:24.307  INFO 14008 --- [o-auto-1-exec-1] o.s.web.servlet.DispatcherServlet        : Completed initialization in 26 ms
]]></system-out>
  <system-err><![CDATA[]]></system-err>
</testsuite>
